# JRE version: Java(TM) SE Runtime Environment (8.0_191-b12) (build 1.8.0_191-b12)
# Java VM: Java HotSpot(TM) 64-Bit Server VM (25.191-b12 mixed mode linux-amd64 compressed oops)
Heap:
 PSYoungGen      total 555008K, used 469986K [0x00000000d7d00000, 0x00000000fec80000, 0x0000000100000000)
  eden space 479232K, 85% used [0x00000000d7d00000,0x00000000f0cf4658,0x00000000f5100000)
  from space 75776K, 79% used [0x00000000f9d80000,0x00000000fd8843c0,0x00000000fe780000)
  to   space 78336K, 0% used [0x00000000f5100000,0x00000000f5100000,0x00000000f9d80000)
 ParOldGen       total 407040K, used 120600K [0x0000000087600000, 0x00000000a0380000, 0x00000000d7d00000)
  object space 407040K, 29% used [0x0000000087600000,0x000000008ebc6128,0x00000000a0380000)
 Metaspace       used 12923K, capacity 13104K, committed 13312K, reserved 1060864K
  class space    used 1369K, capacity 1440K, committed 1536K, reserved 1048576K
GC Heap History (10 events):
Event: 225721.394 GC heap before
{Heap before GC invocations=284827 (full 3683):
 PSYoungGen      total 386048K, used 368728K [0x00000000d7d00000, 0x00000000f5880000, 0x0000000100000000)
  eden space 341504K, 94% used [0x00000000d7d00000,0x00000000eb9b0760,0x00000000eca80000)
  from space 44544K, 99% used [0x00000000ed300000,0x00000000efe65c48,0x00000000efe80000)
  to   space 72704K, 0% used [0x00000000f1180000,0x00000000f1180000,0x00000000f5880000)
 ParOldGen       total 407040K, used 120520K [0x0000000087600000, 0x00000000a0380000, 0x00000000d7d00000)
  object space 407040K, 29% used [0x0000000087600000,0x000000008ebb2128,0x00000000a0380000)
 Metaspace       used 12922K, capacity 13104K, committed 13312K, reserved 1060864K
  class space    used 1369K, capacity 1440K, committed 1536K, reserved 1048576K
Event: 225721.407 GC heap after
Heap after GC invocations=284827 (full 3683):
 PSYoungGen      total 414720K, used 52300K [0x00000000d7d00000, 0x00000000f9700000, 0x0000000100000000)
  eden space 342016K, 0% used [0x00000000d7d00000,0x00000000d7d00000,0x00000000ecb00000)
  from space 72704K, 71% used [0x00000000f1180000,0x00000000f44930d0,0x00000000f5880000)
  to   space 72192K, 0% used [0x00000000ecb00000,0x00000000ecb00000,0x00000000f1180000)
 ParOldGen       total 407040K, used 120528K [0x0000000087600000, 0x00000000a0380000, 0x00000000d7d00000)
  object space 407040K, 29% used [0x0000000087600000,0x000000008ebb4128,0x00000000a0380000)
 Metaspace       used 12922K, capacity 13104K, committed 13312K, reserved 1060864K
  class space    used 1369K, capacity 1440K, committed 1536K, reserved 1048576K
}
Event: 225722.474 GC heap before
{Heap before GC invocations=284828 (full 3683):
 PSYoungGen      total 414720K, used 390631K [0x00000000d7d00000, 0x00000000f9700000, 0x0000000100000000)
  eden space 342016K, 98% used [0x00000000d7d00000,0x00000000ec766dd0,0x00000000ecb00000)
  from space 72704K, 71% used [0x00000000f1180000,0x00000000f44930d0,0x00000000f5880000)
  to   space 72192K, 0% used [0x00000000ecb00000,0x00000000ecb00000,0x00000000f1180000)
 ParOldGen       total 407040K, used 120528K [0x0000000087600000, 0x00000000a0380000, 0x00000000d7d00000)
  object space 407040K, 29% used [0x0000000087600000,0x000000008ebb4128,0x00000000a0380000)
 Metaspace       used 12922K, capacity 13104K, committed 13312K, reserved 1060864K
  class space    used 1369K, capacity 1440K, committed 1536K, reserved 1048576K
Event: 225722.487 GC heap after
Heap after GC invocations=284828 (full 3683):
 PSYoungGen      total 414208K, used 34314K [0x00000000d7d00000, 0x00000000f9780000, 0x0000000100000000)
  eden space 342016K, 0% used [0x00000000d7d00000,0x00000000d7d00000,0x00000000ecb00000)
  from space 72192K, 47% used [0x00000000ecb00000,0x00000000eec828d0,0x00000000f1180000)
  to   space 72192K, 0% used [0x00000000f5100000,0x00000000f5100000,0x00000000f9780000)
 ParOldGen       total 407040K, used 120544K [0x0000000087600000, 0x00000000a0380000, 0x00000000d7d00000)
  object space 407040K, 29% used [0x0000000087600000,0x000000008ebb8128,0x00000000a0380000)
 Metaspace       used 12922K, capacity 13104K, committed 13312K, reserved 1060864K
  class space    used 1369K, capacity 1440K, committed 1536K, reserved 1048576K
}
Event: 225723.674 GC heap before
{Heap before GC invocations=284829 (full 3683):
 PSYoungGen      total 414208K, used 365916K [0x00000000d7d00000, 0x00000000f9780000, 0x0000000100000000)
  eden space 342016K, 96% used [0x00000000d7d00000,0x00000000ec0d48e8,0x00000000ecb00000)
  from space 72192K, 47% used [0x00000000ecb00000,0x00000000eec828d0,0x00000000f1180000)
  to   space 72192K, 0% used [0x00000000f5100000,0x00000000f5100000,0x00000000f9780000)
 ParOldGen       total 407040K, used 120544K [0x0000000087600000, 0x00000000a0380000, 0x00000000d7d00000)
  object space 407040K, 29% used [0x0000000087600000,0x000000008ebb8128,0x00000000a0380000)
 Metaspace       used 12922K, capacity 13104K, committed 13312K, reserved 1060864K
  class space    used 1369K, capacity 1440K, committed 1536K, reserved 1048576K
Event: 225723.688 GC heap after
Heap after GC invocations=284829 (full 3683):
 PSYoungGen      total 476672K, used 60432K [0x00000000d7d00000, 0x00000000f9d00000, 0x0000000100000000)
  eden space 404480K, 0% used [0x00000000d7d00000,0x00000000d7d00000,0x00000000f0800000)
  from space 72192K, 83% used [0x00000000f5100000,0x00000000f8c04230,0x00000000f9780000)
  to   space 74752K, 0% used [0x00000000f0800000,0x00000000f0800000,0x00000000f5100000)
 ParOldGen       total 407040K, used 120560K [0x0000000087600000, 0x00000000a0380000, 0x00000000d7d00000)
  object space 407040K, 29% used [0x0000000087600000,0x000000008ebbc128,0x00000000a0380000)
 Metaspace       used 12922K, capacity 13104K, committed 13312K, reserved 1060864K
  class space    used 1369K, capacity 1440K, committed 1536K, reserved 1048576K
}
Event: 225724.951 GC heap before
{Heap before GC invocations=284830 (full 3683):
 PSYoungGen      total 476672K, used 460992K [0x00000000d7d00000, 0x00000000f9d00000, 0x0000000100000000)
  eden space 404480K, 99% used [0x00000000d7d00000,0x00000000f042bfb8,0x00000000f0800000)
  from space 72192K, 83% used [0x00000000f5100000,0x00000000f8c04230,0x00000000f9780000)
  to   space 74752K, 0% used [0x00000000f0800000,0x00000000f0800000,0x00000000f5100000)
 ParOldGen       total 407040K, used 120560K [0x0000000087600000, 0x00000000a0380000, 0x00000000d7d00000)
  object space 407040K, 29% used [0x0000000087600000,0x000000008ebbc128,0x00000000a0380000)
 Metaspace       used 12923K, capacity 13104K, committed 13312K, reserved 1060864K
  class space    used 1369K, capacity 1440K, committed 1536K, reserved 1048576K
Event: 225724.966 GC heap after
Heap after GC invocations=284830 (full 3683):
 PSYoungGen      total 479232K, used 26182K [0x00000000d7d00000, 0x00000000fe780000, 0x0000000100000000)
  eden space 404480K, 0% used [0x00000000d7d00000,0x00000000d7d00000,0x00000000f0800000)
  from space 74752K, 35% used [0x00000000f0800000,0x00000000f2191978,0x00000000f5100000)
  to   space 75776K, 0% used [0x00000000f9d80000,0x00000000f9d80000,0x00000000fe780000)
 ParOldGen       total 407040K, used 120576K [0x0000000087600000, 0x00000000a0380000, 0x00000000d7d00000)
  object space 407040K, 29% used [0x0000000087600000,0x000000008ebc0128,0x00000000a0380000)
 Metaspace       used 12923K, capacity 13104K, committed 13312K, reserved 1060864K
  class space    used 1369K, capacity 1440K, committed 1536K, reserved 1048576K
}
Event: 225726.347 GC heap before
{Heap before GC invocations=284831 (full 3683):
 PSYoungGen      total 479232K, used 420130K [0x00000000d7d00000, 0x00000000fe780000, 0x0000000100000000)
  eden space 404480K, 97% used [0x00000000d7d00000,0x00000000efdb7210,0x00000000f0800000)
  from space 74752K, 35% used [0x00000000f0800000,0x00000000f2191978,0x00000000f5100000)
  to   space 75776K, 0% used [0x00000000f9d80000,0x00000000f9d80000,0x00000000fe780000)
 ParOldGen       total 407040K, used 120576K [0x0000000087600000, 0x00000000a0380000, 0x00000000d7d00000)
  object space 407040K, 29% used [0x0000000087600000,0x000000008ebc0128,0x00000000a0380000)
 Metaspace       used 12923K, capacity 13104K, committed 13312K, reserved 1060864K
  class space    used 1369K, capacity 1440K, committed 1536K, reserved 1048576K
Event: 225726.369 GC heap after
Heap after GC invocations=284831 (full 3683):
 PSYoungGen      total 555008K, used 60432K [0x00000000d7d00000, 0x00000000fec80000, 0x0000000100000000)
  eden space 479232K, 0% used [0x00000000d7d00000,0x00000000d7d00000,0x00000000f5100000)
  from space 75776K, 79% used [0x00000000f9d80000,0x00000000fd8843c0,0x00000000fe780000)
  to   space 78336K, 0% used [0x00000000f5100000,0x00000000f5100000,0x00000000f9d80000)
 ParOldGen       total 407040K, used 120600K [0x0000000087600000, 0x00000000a0380000, 0x00000000d7d00000)
  object space 407040K, 29% used [0x0000000087600000,0x000000008ebc6128,0x00000000a0380000)
 Metaspace       used 12923K, capacity 13104K, committed 13312K, reserved 1060864K
  class space    used 1369K, capacity 1440K, committed 1536K, reserved 1048576K
}

