# JRE version: Java(TM) SE Runtime Environment (8.0_191-b12) (build 1.8.0_191-b12)
# Java VM: Java HotSpot(TM) 64-Bit Server VM (25.191-b12 mixed mode linux-amd64 compressed oops)
Heap:
 PSYoungGen      total 220672K, used 193921K [0x00000000d7d00000, 0x00000000f0600000, 0x0000000100000000)
  eden space 220160K, 88% used [0x00000000d7d00000,0x00000000e3a606d8,0x00000000e5400000)
  from space 512K, 0% used [0x00000000f0580000,0x00000000f0580000,0x00000000f0600000)
  to   space 3584K, 0% used [0x00000000eff00000,0x00000000eff00000,0x00000000f0280000)
 ParOldGen       total 170496K, used 26193K [0x0000000087600000, 0x0000000091c80000, 0x00000000d7d00000)
  object space 170496K, 15% used [0x0000000087600000,0x0000000088f945f8,0x0000000091c80000)
 Metaspace       used 12679K, capacity 12870K, committed 13056K, reserved 1060864K
  class space    used 1364K, capacity 1447K, committed 1536K, reserved 1048576K
GC Heap History (10 events):
Event: 47.922 GC heap before
{Heap before GC invocations=34 (full 9):
 PSYoungGen      total 248320K, used 413K [0x00000000d7d00000, 0x00000000f0980000, 0x0000000100000000)
  eden space 245248K, 0% used [0x00000000d7d00000,0x00000000d7d00000,0x00000000e6c80000)
  from space 3072K, 13% used [0x00000000f0380000,0x00000000f03e7490,0x00000000f0680000)
  to   space 3072K, 0% used [0x00000000f0680000,0x00000000f0680000,0x00000000f0980000)
 ParOldGen       total 170496K, used 117314K [0x0000000087600000, 0x0000000091c80000, 0x00000000d7d00000)
  object space 170496K, 68% used [0x0000000087600000,0x000000008e890ad0,0x0000000091c80000)
 Metaspace       used 12613K, capacity 12806K, committed 13056K, reserved 1060864K
  class space    used 1364K, capacity 1447K, committed 1536K, reserved 1048576K
Event: 47.930 GC heap after
Heap after GC invocations=34 (full 9):
 PSYoungGen      total 248320K, used 0K [0x00000000d7d00000, 0x00000000f0980000, 0x0000000100000000)
  eden space 245248K, 0% used [0x00000000d7d00000,0x00000000d7d00000,0x00000000e6c80000)
  from space 3072K, 0% used [0x00000000f0380000,0x00000000f0380000,0x00000000f0680000)
  to   space 3072K, 0% used [0x00000000f0680000,0x00000000f0680000,0x00000000f0980000)
 ParOldGen       total 170496K, used 26191K [0x0000000087600000, 0x0000000091c80000, 0x00000000d7d00000)
  object space 170496K, 15% used [0x0000000087600000,0x0000000088f93c60,0x0000000091c80000)
 Metaspace       used 12613K, capacity 12806K, committed 13056K, reserved 1060864K
  class space    used 1364K, capacity 1447K, committed 1536K, reserved 1048576K
}
Event: 49.783 GC heap before
{Heap before GC invocations=35 (full 9):
 PSYoungGen      total 248320K, used 244756K [0x00000000d7d00000, 0x00000000f0980000, 0x0000000100000000)
  eden space 245248K, 99% used [0x00000000d7d00000,0x00000000e6c05038,0x00000000e6c80000)
  from space 3072K, 0% used [0x00000000f0380000,0x00000000f0380000,0x00000000f0680000)
  to   space 3072K, 0% used [0x00000000f0680000,0x00000000f0680000,0x00000000f0980000)
 ParOldGen       total 170496K, used 26191K [0x0000000087600000, 0x0000000091c80000, 0x00000000d7d00000)
  object space 170496K, 15% used [0x0000000087600000,0x0000000088f93c60,0x0000000091c80000)
 Metaspace       used 12614K, capacity 12806K, committed 13056K, reserved 1060864K
  class space    used 1364K, capacity 1447K, committed 1536K, reserved 1048576K
Event: 49.787 GC heap after
Heap after GC invocations=35 (full 9):
 PSYoungGen      total 239104K, used 2185K [0x00000000d7d00000, 0x00000000f0900000, 0x0000000100000000)
  eden space 236544K, 0% used [0x00000000d7d00000,0x00000000d7d00000,0x00000000e6400000)
  from space 2560K, 85% used [0x00000000f0680000,0x00000000f08a2410,0x00000000f0900000)
  to   space 3072K, 0% used [0x00000000f0300000,0x00000000f0300000,0x00000000f0600000)
 ParOldGen       total 170496K, used 60616K [0x0000000087600000, 0x0000000091c80000, 0x00000000d7d00000)
  object space 170496K, 35% used [0x0000000087600000,0x000000008b1320b0,0x0000000091c80000)
 Metaspace       used 12614K, capacity 12806K, committed 13056K, reserved 1060864K
  class space    used 1364K, capacity 1447K, committed 1536K, reserved 1048576K
}
Event: 51.575 GC heap before
{Heap before GC invocations=36 (full 9):
 PSYoungGen      total 239104K, used 238632K [0x00000000d7d00000, 0x00000000f0900000, 0x0000000100000000)
  eden space 236544K, 99% used [0x00000000d7d00000,0x00000000e63e7d80,0x00000000e6400000)
  from space 2560K, 85% used [0x00000000f0680000,0x00000000f08a2410,0x00000000f0900000)
  to   space 3072K, 0% used [0x00000000f0300000,0x00000000f0300000,0x00000000f0600000)
 ParOldGen       total 170496K, used 60616K [0x0000000087600000, 0x0000000091c80000, 0x00000000d7d00000)
  object space 170496K, 35% used [0x0000000087600000,0x000000008b1320b0,0x0000000091c80000)
 Metaspace       used 12618K, capacity 12806K, committed 13056K, reserved 1060864K
  class space    used 1364K, capacity 1447K, committed 1536K, reserved 1048576K
Event: 51.580 GC heap after
Heap after GC invocations=36 (full 9):
 PSYoungGen      total 230912K, used 2281K [0x00000000d7d00000, 0x00000000f0700000, 0x0000000100000000)
  eden space 228352K, 0% used [0x00000000d7d00000,0x00000000d7d00000,0x00000000e5c00000)
  from space 2560K, 89% used [0x00000000f0300000,0x00000000f053a410,0x00000000f0580000)
  to   space 1536K, 0% used [0x00000000f0580000,0x00000000f0580000,0x00000000f0700000)
 ParOldGen       total 170496K, used 95041K [0x0000000087600000, 0x0000000091c80000, 0x00000000d7d00000)
  object space 170496K, 55% used [0x0000000087600000,0x000000008d2d0500,0x0000000091c80000)
 Metaspace       used 12618K, capacity 12806K, committed 13056K, reserved 1060864K
  class space    used 1364K, capacity 1447K, committed 1536K, reserved 1048576K
}
Event: 53.292 GC heap before
{Heap before GC invocations=37 (full 9):
 PSYoungGen      total 230912K, used 230058K [0x00000000d7d00000, 0x00000000f0700000, 0x0000000100000000)
  eden space 228352K, 99% used [0x00000000d7d00000,0x00000000e5b70618,0x00000000e5c00000)
  from space 2560K, 89% used [0x00000000f0300000,0x00000000f053a410,0x00000000f0580000)
  to   space 1536K, 0% used [0x00000000f0580000,0x00000000f0580000,0x00000000f0700000)
 ParOldGen       total 170496K, used 95041K [0x0000000087600000, 0x0000000091c80000, 0x00000000d7d00000)
  object space 170496K, 55% used [0x0000000087600000,0x000000008d2d0500,0x0000000091c80000)
 Metaspace       used 12679K, capacity 12870K, committed 13056K, reserved 1060864K
  class space    used 1364K, capacity 1447K, committed 1536K, reserved 1048576K
Event: 53.296 GC heap after
Heap after GC invocations=37 (full 9):
 PSYoungGen      total 220672K, used 160K [0x00000000d7d00000, 0x00000000f0600000, 0x0000000100000000)
  eden space 220160K, 0% used [0x00000000d7d00000,0x00000000d7d00000,0x00000000e5400000)
  from space 512K, 31% used [0x00000000f0580000,0x00000000f05a8000,0x00000000f0600000)
  to   space 3584K, 0% used [0x00000000eff00000,0x00000000eff00000,0x00000000f0280000)
 ParOldGen       total 170496K, used 143649K [0x0000000087600000, 0x0000000091c80000, 0x00000000d7d00000)
  object space 170496K, 84% used [0x0000000087600000,0x0000000090248560,0x0000000091c80000)
 Metaspace       used 12679K, capacity 12870K, committed 13056K, reserved 1060864K
  class space    used 1364K, capacity 1447K, committed 1536K, reserved 1048576K
}
Event: 53.296 GC heap before
{Heap before GC invocations=38 (full 10):
 PSYoungGen      total 220672K, used 160K [0x00000000d7d00000, 0x00000000f0600000, 0x0000000100000000)
  eden space 220160K, 0% used [0x00000000d7d00000,0x00000000d7d00000,0x00000000e5400000)
  from space 512K, 31% used [0x00000000f0580000,0x00000000f05a8000,0x00000000f0600000)
  to   space 3584K, 0% used [0x00000000eff00000,0x00000000eff00000,0x00000000f0280000)
 ParOldGen       total 170496K, used 143649K [0x0000000087600000, 0x0000000091c80000, 0x00000000d7d00000)
  object space 170496K, 84% used [0x0000000087600000,0x0000000090248560,0x0000000091c80000)
 Metaspace       used 12679K, capacity 12870K, committed 13056K, reserved 1060864K
  class space    used 1364K, capacity 1447K, committed 1536K, reserved 1048576K
Event: 53.305 GC heap after
Heap after GC invocations=38 (full 10):
 PSYoungGen      total 220672K, used 0K [0x00000000d7d00000, 0x00000000f0600000, 0x0000000100000000)
  eden space 220160K, 0% used [0x00000000d7d00000,0x00000000d7d00000,0x00000000e5400000)
  from space 512K, 0% used [0x00000000f0580000,0x00000000f0580000,0x00000000f0600000)
  to   space 3584K, 0% used [0x00000000eff00000,0x00000000eff00000,0x00000000f0280000)
 ParOldGen       total 170496K, used 26193K [0x0000000087600000, 0x0000000091c80000, 0x00000000d7d00000)
  object space 170496K, 15% used [0x0000000087600000,0x0000000088f945f8,0x0000000091c80000)
 Metaspace       used 12679K, capacity 12870K, committed 13056K, reserved 1060864K
  class space    used 1364K, capacity 1447K, committed 1536K, reserved 1048576K
}

